<?xml version="1.0" encoding="UTF-8"?>
<testng-results skipped="0" failed="0" ignored="0" total="1" passed="1">
  <reporter-output>
  </reporter-output>
  <suite name="Default suite" duration-ms="6889" started-at="2020-06-11T09:00:11Z" finished-at="2020-06-11T09:00:18Z">
    <groups>
    </groups>
    <test name="Default test" duration-ms="6889" started-at="2020-06-11T09:00:11Z" finished-at="2020-06-11T09:00:18Z">
      <class name="NewTabTest">
        <test-method status="PASS" signature="beforeMethod()[pri:0, instance:NewTabTest@4521b8c9]" name="beforeMethod" is-config="true" duration-ms="6612" started-at="2020-06-11T09:00:11Z" finished-at="2020-06-11T09:00:18Z">
          <reporter-output>
          </reporter-output>
        </test-method> <!-- beforeMethod -->
        <test-method status="PASS" signature="f()[pri:0, instance:NewTabTest@4521b8c9]" name="f" duration-ms="171" started-at="2020-06-11T09:00:18Z" finished-at="2020-06-11T09:00:18Z">
          <reporter-output>
          </reporter-output>
        </test-method> <!-- f -->
        <test-method status="PASS" signature="afterMethod()[pri:0, instance:NewTabTest@4521b8c9]" name="afterMethod" is-config="true" duration-ms="71" started-at="2020-06-11T09:00:18Z" finished-at="2020-06-11T09:00:18Z">
          <reporter-output>
          </reporter-output>
        </test-method> <!-- afterMethod -->
      </class> <!-- NewTabTest -->
    </test> <!-- Default test -->
  </suite> <!-- Default suite -->
</testng-results>
